<?xml version="1.0" encoding="UTF-8"?>
<!-- Generated by org.testng.reporters.JUnitReportReporter -->
<testsuite hostname="Swapnil" failures="0" tests="2" name="practice.PracticeClass2" time="0.007" errors="0" timestamp="2023-03-13T13:04:29 IST" skipped="0">
  <testcase classname="practice.PracticeClass2" name="main22" time="0.000"/>
  <system-out/>
  <testcase classname="practice.PracticeClass2" name="main2" time="0.007"/>
  <system-out/>
</testsuite> <!-- practice.PracticeClass2 -->
