<?xml version="1.0" encoding="UTF-8"?>
<!-- Generated by org.testng.reporters.JUnitReportReporter -->
<testsuite hostname="Swapnil" failures="0" tests="2" name="practice.PractieClass1" time="0.008" errors="0" timestamp="2023-03-13T13:03:15 IST" skipped="0">
  <testcase classname="practice.PractieClass1" name="main11" time="0.001"/>
  <system-out/>
  <testcase classname="practice.PractieClass1" name="main1" time="0.007"/>
  <system-out/>
</testsuite> <!-- practice.PractieClass1 -->
